2025-12-09 10:43:13,814-INFO-Analysis started!
2025-12-09 10:44:06,552-ERROR-Papka topilmadi: C:\Users\Rasulbek907\Desktop\Project_8\Data\Feature_Selection\Filtered_Features.csv
2025-12-09 10:44:20,765-ERROR-Papka topilmadi: C:\Users\Rasulbek907\Desktop\Project_8\Data\Feature_Selection\Filtered_Features.csv
2025-12-09 10:45:32,387-INFO-Ma'lumot fayli yuklanmoqda...
2025-12-09 10:45:32,387-ERROR-Ma'lumot faylini yuklashda xatolik yuz berdi: type object 'DataLoader' has no attribute 'load_csv'
2025-12-09 10:46:18,403-INFO-Ma'lumot fayli yuklanmoqda...
2025-12-09 10:46:18,403-ERROR-Ma'lumot faylini yuklashda xatolik yuz berdi: type object 'DataLoader' has no attribute 'load_csv'
2025-12-09 10:47:08,886-INFO-CSV fayl o'qilmoqda:...
2025-12-09 10:47:09,563-INFO-Fayl muvaffaqiyatli o'qildi. Sat\u0131rlar soni: 322278 ustunlar soni: 16
2025-12-09 11:22:18,595 - INFO - CSV fayl o'qilmoqda:...
2025-12-09 11:22:19,236 - INFO - Fayl muvaffaqiyatli o'qildi. Sat\u0131rlar soni: 322278 ustunlar soni: 16
2025-12-09 12:22:08,977 - INFO - CSV fayl o'qilmoqda:...
2025-12-09 12:22:09,666 - INFO - Fayl muvaffaqiyatli o'qildi. Sat\u0131rlar soni: 322278 ustunlar soni: 16
2025-12-09 12:31:28,149 - INFO - CSV fayl o'qilmoqda:...
2025-12-09 12:31:28,813 - INFO - Fayl muvaffaqiyatli o'qildi. Sat\u0131rlar soni: 322278 ustunlar soni: 16
2025-12-09 13:01:37,587 - INFO - CSV fayl o'qilmoqda:...
2025-12-09 13:01:38,285 - INFO - Fayl muvaffaqiyatli o'qildi. Sat\u0131rlar soni: 322278 ustunlar soni: 16
2025-12-09 13:13:05,349 - INFO - CSV fayl o'qilmoqda:...
2025-12-09 13:13:06,113 - INFO - Fayl muvaffaqiyatli o'qildi. Sat\u0131rlar soni: 322278 ustunlar soni: 16
2025-12-11 04:16:03,099 - INFO - CSV fayl o'qilmoqda:...
2025-12-11 04:16:03,792 - INFO - Fayl muvaffaqiyatli o'qildi. Sat\u0131rlar soni: 322278 ustunlar soni: 16
2025-12-11 04:17:50,177 - INFO - CSV fayl o'qilmoqda:...
2025-12-11 04:17:50,881 - INFO - Fayl muvaffaqiyatli o'qildi. Sat\u0131rlar soni: 322278 ustunlar soni: 16
2025-12-11 10:54:04,333 - INFO - CSV fayl o'qilmoqda:...
2025-12-11 10:54:05,012 - INFO - Fayl muvaffaqiyatli o'qildi. Sat\u0131rlar soni: 322278 ustunlar soni: 16
